<?xml version="1.0" encoding="UTF-8"?>
<testng-results ignored="0" total="1" passed="1" failed="0" skipped="0">
  <reporter-output>
  </reporter-output>
  <suite started-at="2024-01-06T22:26:47 EST" name="Default suite" finished-at="2024-01-06T22:26:58 EST" duration-ms="11122">
    <groups>
    </groups>
    <test started-at="2024-01-06T22:26:47 EST" name="Default test" finished-at="2024-01-06T22:26:58 EST" duration-ms="11122">
      <class name="com.qaTNRegisterTest.RegisterTest">
        <test-method is-config="true" signature="setup()[pri:0, instance:com.qaTNRegisterTest.RegisterTest@534a5a98]" started-at="2024-01-06T22:26:47 EST" name="setup" finished-at="2024-01-06T22:26:56 EST" duration-ms="9197" status="PASS">
          <reporter-output>
          </reporter-output>
        </test-method> <!-- setup -->
        <test-method signature="registerWithValidcredentials()[pri:0, instance:com.qaTNRegisterTest.RegisterTest@534a5a98]" started-at="2024-01-06T22:26:56 EST" name="registerWithValidcredentials" finished-at="2024-01-06T22:26:58 EST" duration-ms="1889" status="PASS">
          <reporter-output>
          </reporter-output>
        </test-method> <!-- registerWithValidcredentials -->
        <test-method is-config="true" signature="tearDown()[pri:0, instance:com.qaTNRegisterTest.RegisterTest@534a5a98]" started-at="2024-01-06T22:26:58 EST" name="tearDown" finished-at="2024-01-06T22:26:58 EST" duration-ms="1" status="PASS">
          <reporter-output>
          </reporter-output>
        </test-method> <!-- tearDown -->
      </class> <!-- com.qaTNRegisterTest.RegisterTest -->
    </test> <!-- Default test -->
  </suite> <!-- Default suite -->
</testng-results>
